app/build/intermediates/proguard-rules/release/aapt_rules.txt
# Referenced at merged_manifests\release\AndroidManifest.xml:16
-keep class androidx.core.app.CoreComponentFactory { <init>(); }
# Referenced at merged_manifests\release\AndroidManifest.xml:74
-keep class com.example.admin.data.Homepage.Developers { <init>(); }
# Referenced at merged_manifests\release\AndroidManifest.xml:49
-keep class com.example.admin.data.Homepage.Eamcet { <init>(); }
# Referenced at merged_manifests\release\AndroidManifest.xml:64
-keep class com.example.admin.data.Homepage.Ecet { <init>(); }
# Referenced at merged_manifests\release\AndroidManifest.xml:78
-keep class com.example.admin.data.Homepage.Feedback { <init>(); }
# Referenced at merged_manifests\release\AndroidManifest.xml:59
-keep class com.example.admin.data.Homepage.Icet { <init>(); }
# Referenced at merged_manifests\release\AndroidManifest.xml:106
-keep class com.example.admin.data.Homepage.Login { <init>(); }
# Referenced at merged_manifests\release\AndroidManifest.xml:44
-keep class com.example.admin.data.Homepage.MainActivity { <init>(); }
# Referenced at merged_manifests\release\AndroidManifest.xml:28
-keep class com.example.admin.data.Homepage.Nit { <init>(); }
# Referenced at merged_manifests\release\AndroidManifest.xml:69
-keep class com.example.admin.data.Homepage.Pgcet { <init>(); }
# Referenced at merged_manifests\release\AndroidManifest.xml:54
-keep class com.example.admin.data.Homepage.Polycet { <init>(); }
# Referenced at merged_manifests\release\AndroidManifest.xml:111
-keep class com.example.admin.data.Homepage.Register { <init>(); }
# Referenced at merged_manifests\release\AndroidManifest.xml:34
-keep class com.example.admin.data.Homepage.SplashScreen { <init>(); }
# Referenced at merged_manifests\release\AndroidManifest.xml:115
-keep class com.example.admin.data.Homepage.Survey { <init>(); }
# Referenced at merged_manifests\release\AndroidManifest.xml:119
-keep class com.example.admin.data.Homepage.SurveyViewDetails { <init>(); }
# Referenced at merged_manifests\release\AndroidManifest.xml:82
-keep class com.example.admin.data.Homepage.Websites { <init>(); }
# Referenced at merged_manifests\release\AndroidManifest.xml:102
-keep class com.example.admin.data.examEamcet.Cutoff_Select_Colleges { <init>(); }
# Referenced at merged_manifests\release\AndroidManifest.xml:94
-keep class com.example.admin.data.examEamcet.Eamcet_Colleges_Details { <init>(); }
# Referenced at merged_manifests\release\AndroidManifest.xml:86
-keep class com.example.admin.data.examEamcet.Eamcet_Cutoff_Result { <init>(); }
# Referenced at merged_manifests\release\AndroidManifest.xml:151
-keep class com.example.admin.data.examEamcet.Emcet_Statastics_Graphs { <init>(); }
# Referenced at merged_manifests\release\AndroidManifest.xml:98
-keep class com.example.admin.data.examEamcet.Select { <init>(); }
# Referenced at merged_manifests\release\AndroidManifest.xml:163
-keep class com.example.admin.data.examEcet.Cutoff_Select_Colleges_Ecet { <init>(); }
# Referenced at merged_manifests\release\AndroidManifest.xml:155
-keep class com.example.admin.data.examEcet.Ecet_Colleges_Details { <init>(); }
# Referenced at merged_manifests\release\AndroidManifest.xml:167
-keep class com.example.admin.data.examEcet.Ecet_Cutoff_Result { <init>(); }
# Referenced at merged_manifests\release\AndroidManifest.xml:27
-keep class com.example.admin.data.examEcet.Ecet_Statastics_Graphs { <init>(); }
# Referenced at merged_manifests\release\AndroidManifest.xml:159
-keep class com.example.admin.data.examEcet.SelectBranchesEcet { <init>(); }
# Referenced at merged_manifests\release\AndroidManifest.xml:143
-keep class com.example.admin.data.examPgecet.Cutoff_Select_Colleges_Pgcet { <init>(); }
# Referenced at merged_manifests\release\AndroidManifest.xml:90
-keep class com.example.admin.data.examPgecet.Pgcet_Colleges_Details { <init>(); }
# Referenced at merged_manifests\release\AndroidManifest.xml:147
-keep class com.example.admin.data.examPgecet.Pgcet_Cutoff_Result { <init>(); }
# Referenced at merged_manifests\release\AndroidManifest.xml:26
-keep class com.example.admin.data.examPgecet.Pgcet_Statastics_Graphs { <init>(); }
# Referenced at merged_manifests\release\AndroidManifest.xml:139
-keep class com.example.admin.data.examPgecet.SelectBranchesPgcet { <init>(); }
# Referenced at merged_manifests\release\AndroidManifest.xml:131
-keep class com.example.admin.data.examPolycet.Cutoff_Select_Colleges_Polycet { <init>(); }
# Referenced at merged_manifests\release\AndroidManifest.xml:123
-keep class com.example.admin.data.examPolycet.Polcet_Colleges_Details { <init>(); }
# Referenced at merged_manifests\release\AndroidManifest.xml:135
-keep class com.example.admin.data.examPolycet.Polycet_Cutoff_Result { <init>(); }
# Referenced at merged_manifests\release\AndroidManifest.xml:25
-keep class com.example.admin.data.examPolycet.Polycet_Statastics_Graphs { <init>(); }
# Referenced at merged_manifests\release\AndroidManifest.xml:127
-keep class com.example.admin.data.examPolycet.SelectBranchesPolycet { <init>(); }
# Referenced at merged_manifests\release\AndroidManifest.xml:172
-keep class com.google.android.gms.ads.AdActivity { <init>(); }
# Referenced at merged_manifests\release\AndroidManifest.xml:178
-keep class com.google.android.gms.ads.MobileAdsInitProvider { <init>(); }
# Referenced at res\layout-watch-v20\abc_alert_dialog_title_material.xml:53
# Referenced at res\layout\mtrl_alert_dialog_title.xml:41
# Referenced at res\layout\mtrl_alert_dialog_actions.xml:45
# Referenced at res\layout\mtrl_alert_dialog.xml:51
# Referenced at res\layout\abc_alert_dialog_title_material.xml:56
# Referenced at res\layout\abc_alert_dialog_material.xml:52
# Referenced at res\layout\abc_alert_dialog_button_bar_material.xml:43
-keep class android.widget.Space { <init>(android.content.Context, android.util.AttributeSet); }

# Referenced at res\layout\abc_select_dialog_material.xml:23
-keep class androidx.appcompat.app.AlertController$RecycleListView { <init>(android.content.Context, android.util.AttributeSet); }

# Referenced at res\layout\abc_action_menu_item_layout.xml:17
-keep class androidx.appcompat.view.menu.ActionMenuItemView { <init>(android.content.Context, android.util.AttributeSet); }

# Referenced at res\layout\abc_expanded_menu_layout.xml:17
-keep class androidx.appcompat.view.menu.ExpandedMenuView { <init>(android.content.Context, android.util.AttributeSet); }

# Referenced at res\layout\abc_popup_menu_item_layout.xml:17
# Referenced at res\layout\abc_list_menu_item_layout.xml:17
# Referenced at res\layout\abc_cascading_menu_item_layout.xml:20
-keep class androidx.appcompat.view.menu.ListMenuItemView { <init>(android.content.Context, android.util.AttributeSet); }

# Referenced at res\layout\abc_screen_toolbar.xml:27
-keep class androidx.appcompat.widget.ActionBarContainer { <init>(android.content.Context, android.util.AttributeSet); }

# Referenced at res\layout\abc_screen_toolbar.xml:43
# Referenced at res\layout\abc_action_mode_bar.xml:19
-keep class androidx.appcompat.widget.ActionBarContextView { <init>(android.content.Context, android.util.AttributeSet); }

# Referenced at res\layout\abc_screen_toolbar.xml:17
-keep class androidx.appcompat.widget.ActionBarOverlayLayout { <init>(android.content.Context, android.util.AttributeSet); }

# Referenced at res\layout\abc_action_menu_layout.xml:17
-keep class androidx.appcompat.widget.ActionMenuView { <init>(android.content.Context, android.util.AttributeSet); }

# Referenced at res\layout\abc_activity_chooser_view.xml:19
-keep class androidx.appcompat.widget.ActivityChooserView$InnerLayout { <init>(android.content.Context, android.util.AttributeSet); }

# Referenced at res\layout\mtrl_alert_dialog.xml:17
# Referenced at res\layout\abc_alert_dialog_material.xml:18
-keep class androidx.appcompat.widget.AlertDialogLayout { <init>(android.content.Context, android.util.AttributeSet); }

# Referenced at res\layout\mtrl_alert_dialog_actions.xml:26
# Referenced at res\layout\abc_alert_dialog_button_bar_material.xml:26
-keep class androidx.appcompat.widget.ButtonBarLayout { <init>(android.content.Context, android.util.AttributeSet); }

# Referenced at res\layout\abc_screen_content_include.xml:19
-keep class androidx.appcompat.widget.ContentFrameLayout { <init>(android.content.Context, android.util.AttributeSet); }

# Referenced at res\layout\mtrl_alert_dialog_title.xml:36
# Referenced at res\layout\abc_alert_dialog_title_material.xml:45
-keep class androidx.appcompat.widget.DialogTitle { <init>(android.content.Context, android.util.AttributeSet); }

# Referenced at res\layout\abc_screen_simple_overlay_action_mode.xml:23
-keep class androidx.appcompat.widget.FitWindowsFrameLayout { <init>(android.content.Context, android.util.AttributeSet); }

# Referenced at res\layout\abc_screen_simple.xml:17
# Referenced at res\layout\abc_dialog_title_material.xml:22
-keep class androidx.appcompat.widget.FitWindowsLinearLayout { <init>(android.content.Context, android.util.AttributeSet); }

# Referenced at res\layout\abc_search_view.xml:75
-keep class androidx.appcompat.widget.SearchView$SearchAutoComplete { <init>(android.content.Context, android.util.AttributeSet); }

# Referenced at res\layout\activity_login.xml:14
# Referenced at res\layout\abc_screen_toolbar.xml:36
-keep class androidx.appcompat.widget.Toolbar { <init>(android.content.Context, android.util.AttributeSet); }

# Referenced at res\layout\abc_screen_simple_overlay_action_mode.xml:32
# Referenced at res\layout\abc_screen_simple.xml:25
-keep class androidx.appcompat.widget.ViewStubCompat { <init>(android.content.Context, android.util.AttributeSet); }

# Referenced at res\layout\browser_actions_context_menu_page.xml:5
-keep class androidx.browser.browseractions.BrowserActionsFallbackMenuView { <init>(android.content.Context, android.util.AttributeSet); }

# Referenced at res\layout\seat_pgcetcolleges.xml:11
# Referenced at res\layout\seat_colleges.xml:8
# Referenced at res\layout\recycle_statastics.xml:11
# Referenced at res\layout\fragment_fragment__branches__pgcet.xml:34
# Referenced at res\layout\activity_survey_view_details.xml:10
# Referenced at res\layout\activity_survey.xml:24
# Referenced at res\layout\activity_reporting_centers_card.xml:7
# Referenced at res\layout\activity_polycet__cutoff__result.xml:46
# Referenced at res\layout\activity_pgcet__cutoff__result.xml:46
# Referenced at res\layout\activity_nit.xml:156
# Referenced at res\layout\activity_icet.xml:43
# Referenced at res\layout\activity_ecet__cutoff__result.xml:46
# Referenced at res\layout\activity_eamcet__cutoff__result.xml:46
# Referenced at res\layout\activity_cutoff__select__colleges__polycet.xml:21
# Referenced at res\layout\activity_cutoff__select__colleges__pgcet.xml:20
# Referenced at res\layout\activity_cutoff__select__colleges__ecet.xml:20
# Referenced at res\layout\activity_cutoff__select__colleges.xml:20
-keep class androidx.cardview.widget.CardView { <init>(android.content.Context, android.util.AttributeSet); }

# Referenced at res\layout\recyclecolleges.xml:2
# Referenced at res\layout\recycle_select_colleges.xml:2
# Referenced at res\layout\recycle_select.xml:2
# Referenced at res\layout\recycle_cutoff.xml:2
# Referenced at res\layout\recycle_branches.xml:2
# Referenced at res\layout\fragment_fragment__cutoff_pgcet.xml:54
# Referenced at res\layout\fragment_fragment__cutoff__polycet.xml:54
# Referenced at res\layout\fragment_fragment__cutoff__ecet.xml:54
# Referenced at res\layout\fragment_fragment__cutoff.xml:54
# Referenced at res\layout\activity_websites.xml:2
# Referenced at res\layout\activity_splash_screen.xml:2
# Referenced at res\layout\activity_main.xml:29
# Referenced at res\layout-v11\activity_cutoff__eamcet.xml:29
-keep class androidx.constraintlayout.widget.ConstraintLayout { <init>(android.content.Context, android.util.AttributeSet); }

# Referenced at res\layout\design_bottom_sheet_dialog.xml:26
# Referenced at res\layout\activity_login.xml:2
-keep class androidx.coordinatorlayout.widget.CoordinatorLayout { <init>(android.content.Context, android.util.AttributeSet); }

# Referenced at res\layout\mtrl_alert_dialog.xml:40
# Referenced at res\layout\abc_alert_dialog_material.xml:41
-keep class androidx.core.widget.NestedScrollView { <init>(android.content.Context, android.util.AttributeSet); }

# Referenced at res\layout\fragment_fragment__reportingcenters__polycet.xml:34
# Referenced at res\layout\fragment_fragment__reportingcenters__pgcet.xml:34
# Referenced at res\layout\fragment_fragment__reportingcenters__ecet.xml:34
# Referenced at res\layout\fragment_fragment__reportingcenters__eamcet.xml:34
# Referenced at res\layout\fragment_fragment__branches__polycet.xml:33
# Referenced at res\layout\fragment_fragment__branches__pgcet.xml:44
# Referenced at res\layout\fragment_fragment__branches__ecet.xml:33
# Referenced at res\layout\fragment_fragment__branches.xml:33
# Referenced at res\layout\activity_survey_view_details.xml:28
# Referenced at res\layout\activity_select__colleges.xml:20
# Referenced at res\layout\activity_polycet__cutoff__result.xml:88
# Referenced at res\layout\activity_polcet__colleges__details.xml:45
# Referenced at res\layout\activity_pgcet__cutoff__result.xml:88
# Referenced at res\layout\activity_pgcet__colleges__details.xml:45
# Referenced at res\layout\activity_ecet__cutoff__result.xml:88
# Referenced at res\layout\activity_ecet__colleges__details.xml:45
# Referenced at res\layout\activity_eamcet__cutoff__result.xml:88
# Referenced at res\layout\activity_eamcet__colleges__details.xml:49
-keep class androidx.recyclerview.widget.RecyclerView { <init>(android.content.Context, android.util.AttributeSet); }

# Referenced at res\layout\fragment_fragment__statatics__polycet.xml:24
# Referenced at res\layout\fragment_fragment__statatics__pgcet.xml:24
# Referenced at res\layout\fragment_fragment__statatics__ecet.xml:24
# Referenced at res\layout\fragment_fragment__statatics.xml:24
# Referenced at res\layout\fragment_fragment__reportingcenters__polycet.xml:26
# Referenced at res\layout\fragment_fragment__reportingcenters__pgcet.xml:26
# Referenced at res\layout\fragment_fragment__reportingcenters__ecet.xml:26
# Referenced at res\layout\fragment_fragment__reportingcenters__eamcet.xml:26
# Referenced at res\layout\fragment_fragment__colleges__polycet.xml:26
# Referenced at res\layout\fragment_fragment__colleges__pgcet.xml:26
# Referenced at res\layout\fragment_fragment__colleges__ecet.xml:26
# Referenced at res\layout\fragment_fragment__colleges.xml:26
# Referenced at res\layout\fragment_fragment__branches__polycet.xml:25
# Referenced at res\layout\fragment_fragment__branches__pgcet.xml:25
# Referenced at res\layout\fragment_fragment__branches__ecet.xml:25
# Referenced at res\layout\fragment_fragment__branches.xml:25
# Referenced at res\layout\activity_select__colleges.xml:15
# Referenced at res\layout\activity_polycet__cutoff__result.xml:9
# Referenced at res\layout\activity_pgcet__cutoff__result.xml:9
# Referenced at res\layout\activity_ecet__cutoff__result.xml:9
# Referenced at res\layout\activity_eamcet__cutoff__result.xml:9
# Referenced at res\layout\activity_cutoff__select__colleges__polycet.xml:36
# Referenced at res\layout\activity_cutoff__select__colleges__pgcet.xml:36
# Referenced at res\layout\activity_cutoff__select__colleges__ecet.xml:36
# Referenced at res\layout\activity_cutoff__select__colleges.xml:36
-keep class androidx.swiperefreshlayout.widget.SwipeRefreshLayout { <init>(android.content.Context, android.util.AttributeSet); }

# Referenced at res\layout\fragment_fragment__checklist__polycet.xml:37
# Referenced at res\layout\fragment_fragment__checklist__pgcet.xml:37
# Referenced at res\layout\fragment_fragment__checklist__ecet.xml:37
# Referenced at res\layout\fragment_fragment__checklist.xml:37
# Referenced at res\layout\activity_polcet__colleges__details.xml:81
# Referenced at res\layout\activity_pgcet__colleges__details.xml:83
# Referenced at res\layout\activity_ecet__colleges__details.xml:80
# Referenced at res\layout\activity_eamcet__colleges__details.xml:88
-keep class androidx.viewpager.widget.ViewPager { <init>(android.content.Context, android.util.AttributeSet); }

# Referenced at res\layout\fragment_fragment__statatics__polycet.xml:92
# Referenced at res\layout\fragment_fragment__statatics__pgcet.xml:93
# Referenced at res\layout\fragment_fragment__statatics__ecet.xml:93
# Referenced at res\layout\fragment_fragment__statatics.xml:92
# Referenced at res\layout\fragment_fragment__colleges__polycet.xml:65
# Referenced at res\layout\fragment_fragment__colleges__pgcet.xml:65
# Referenced at res\layout\fragment_fragment__colleges__ecet.xml:65
# Referenced at res\layout\fragment_fragment__colleges.xml:65
# Referenced at res\layout\activity_select_branches_polycet.xml:10
# Referenced at res\layout\activity_select_branches_pgcet.xml:10
# Referenced at res\layout\activity_select_branches_ecet.xml:10
# Referenced at res\layout\activity_cutoff__select__colleges__polycet.xml:41
# Referenced at res\layout\activity_cutoff__select__colleges__pgcet.xml:41
# Referenced at res\layout\activity_cutoff__select__colleges__ecet.xml:41
# Referenced at res\layout\activity_cutoff__select__colleges.xml:41
-keep class com.example.admin.data.FastScroll.FastScrollRecyclerView { <init>(android.content.Context, android.util.AttributeSet); }

# Referenced at res\layout\activity_polycet.xml:22
# Referenced at res\layout\activity_pgcet.xml:22
# Referenced at res\layout\activity_ecet.xml:22
# Referenced at res\layout\activity_eamcet.xml:22
-keep class com.example.admin.data.FragmentsExams.EAMCET.Adapter.CustomViewPager { <init>(android.content.Context, android.util.AttributeSet); }

# Referenced at res\layout\activity_polycet__statastics__graphs.xml:60
# Referenced at res\layout\activity_pgcet__statastics__graphs.xml:60
# Referenced at res\layout\activity_emcet__statastics__graphs.xml:60
# Referenced at res\layout\activity_ecet__statastics__graphs.xml:60
-keep class com.github.mikephil.charting.charts.BarChart { <init>(android.content.Context, android.util.AttributeSet); }

# Referenced at res\layout\activity_polycet__statastics__graphs.xml:92
# Referenced at res\layout\activity_pgcet__statastics__graphs.xml:92
# Referenced at res\layout\activity_emcet__statastics__graphs.xml:92
# Referenced at res\layout\activity_ecet__statastics__graphs.xml:92
-keep class com.github.mikephil.charting.charts.PieChart { <init>(android.content.Context, android.util.AttributeSet); }

# Referenced at res\layout\loadingdialog.xml:27
-keep class com.github.ybq.android.spinkit.SpinKitView { <init>(android.content.Context, android.util.AttributeSet); }

# Referenced at res\layout\main.xml:276
# Referenced at res\layout\activity_websites.xml:267
# Referenced at res\layout\activity_main.xml:422
# Referenced at res\layout\activity_feedback.xml:235
-keep class com.google.android.gms.ads.AdView { <init>(android.content.Context, android.util.AttributeSet); }

# Referenced at res\layout\activity_login.xml:9
-keep class com.google.android.material.appbar.AppBarLayout { <init>(android.content.Context, android.util.AttributeSet); }

# Referenced at res\layout\activity_polycet.xml:31
# Referenced at res\layout\activity_pgcet.xml:31
# Referenced at res\layout\activity_ecet.xml:31
# Referenced at res\layout\activity_eamcet.xml:31
-keep class com.google.android.material.bottomnavigation.BottomNavigationView { <init>(android.content.Context, android.util.AttributeSet); }

# Referenced at res\layout\fragment_fragment__cutoff_pgcet.xml:401
# Referenced at res\layout\fragment_fragment__cutoff__polycet.xml:399
# Referenced at res\layout\fragment_fragment__cutoff__ecet.xml:401
# Referenced at res\layout\fragment_fragment__cutoff.xml:394
# Referenced at res\layout\content_login.xml:80
# Referenced at res\layout\activity_survey.xml:158
# Referenced at res\layout\activity_select_branches_polycet.xml:24