app/build/outputs/mapping/release/seeds.txt
com.example.admin.data.FastScroll.FastScrollRecyclerView
com.example.admin.data.FastScroll.FastScrollRecyclerView: FastScrollRecyclerView(android.content.Context,android.util.AttributeSet)
com.example.admin.data.FragmentsExams.EAMCET.Adapter.CustomViewPager
com.example.admin.data.FragmentsExams.EAMCET.Adapter.CustomViewPager: CustomViewPager(android.content.Context,android.util.AttributeSet)
com.example.admin.data.FragmentsExams.EAMCET.Adapter.CustomViewPager: void setCurrentItem(int)
com.example.admin.data.Homepage.Developers
com.example.admin.data.Homepage.Developers: Developers()
com.example.admin.data.Homepage.Eamcet
com.example.admin.data.Homepage.Eamcet: Eamcet()
com.example.admin.data.Homepage.Ecet
com.example.admin.data.Homepage.Ecet: Ecet()
com.example.admin.data.Homepage.Feedback
com.example.admin.data.Homepage.Feedback: Feedback()
com.example.admin.data.Homepage.Icet
com.example.admin.data.Homepage.Icet: Icet()
com.example.admin.data.Homepage.Login
com.example.admin.data.Homepage.Login: Login()
com.example.admin.data.Homepage.MainActivity
com.example.admin.data.Homepage.MainActivity: MainActivity()
com.example.admin.data.Homepage.Nit
com.example.admin.data.Homepage.Nit: Nit()
com.example.admin.data.Homepage.Pgcet
com.example.admin.data.Homepage.Pgcet: Pgcet()
com.example.admin.data.Homepage.Polycet
com.example.admin.data.Homepage.Polycet: Polycet()
com.example.admin.data.Homepage.Register
com.example.admin.data.Homepage.Register: Register()
com.example.admin.data.Homepage.SplashScreen
com.example.admin.data.Homepage.SplashScreen: SplashScreen()
com.example.admin.data.Homepage.Survey
com.example.admin.data.Homepage.Survey: Survey()
com.example.admin.data.Homepage.SurveyViewDetails
com.example.admin.data.Homepage.SurveyViewDetails: SurveyViewDetails()
com.example.admin.data.Homepage.Websites
com.example.admin.data.Homepage.Websites: Websites()
com.example.admin.data.R$anim: int abc_fade_in
com.example.admin.data.R$anim: int abc_fade_out
com.example.admin.data.R$anim: int abc_grow_fade_in_from_bottom
com.example.admin.data.R$anim: int abc_popup_enter
com.example.admin.data.R$anim: int abc_popup_exit
com.example.admin.data.R$anim: int abc_shrink_fade_out_from_bottom
com.example.admin.data.R$anim: int abc_slide_in_bottom
com.example.admin.data.R$anim: int abc_slide_in_top
com.example.admin.data.R$anim: int abc_slide_out_bottom
com.example.admin.data.R$anim: int abc_slide_out_top
com.example.admin.data.R$anim: int abc_tooltip_enter
com.example.admin.data.R$anim: int abc_tooltip_exit
com.example.admin.data.R$anim: int btn_checkbox_to_checked_box_inner_merged_animation
com.example.admin.data.R$anim: int btn_checkbox_to_checked_box_outer_merged_animation
com.example.admin.data.R$anim: int btn_checkbox_to_checked_icon_null_animation
com.example.admin.data.R$anim: int btn_checkbox_to_unchecked_box_inner_merged_animation
com.example.admin.data.R$anim: int btn_checkbox_to_unchecked_check_path_merged_animation
com.example.admin.data.R$anim: int btn_checkbox_to_unchecked_icon_null_animation
com.example.admin.data.R$anim: int btn_radio_to_off_mtrl_dot_group_animation
com.example.admin.data.R$anim: int btn_radio_to_off_mtrl_ring_outer_animation
com.example.admin.data.R$anim: int btn_radio_to_off_mtrl_ring_outer_path_animation
com.example.admin.data.R$anim: int btn_radio_to_on_mtrl_dot_group_animation
...
com.facebook.shimmer.R$id: int bottom_to_top
com.facebook.shimmer.R$id: int left_to_right
com.facebook.shimmer.R$id: int linear
com.facebook.shimmer.R$id: int radial
com.facebook.shimmer.R$id: int restart
com.facebook.shimmer.R$id: int reverse
com.facebook.shimmer.R$id: int right_to_left
com.facebook.shimmer.R$id: int top_to_bottom
com.facebook.shimmer.R$styleable: int[] ShimmerFrameLayout
com.facebook.shimmer.R$styleable: int ShimmerFrameLayout_shimmer_auto_start
com.facebook.shimmer.R$styleable: int ShimmerFrameLayout_shimmer_base_alpha
com.facebook.shimmer.R$styleable: int ShimmerFrameLayout_shimmer_base_color
com.facebook.shimmer.R$styleable: int ShimmerFrameLayout_shimmer_clip_to_children
com.facebook.shimmer.R$styleable: int ShimmerFrameLayout_shimmer_colored
com.facebook.shimmer.R$styleable: int ShimmerFrameLayout_shimmer_direction
com.facebook.shimmer.R$styleable: int ShimmerFrameLayout_shimmer_dropoff
com.facebook.shimmer.R$styleable: int ShimmerFrameLayout_shimmer_duration
com.facebook.shimmer.R$styleable: int ShimmerFrameLayout_shimmer_fixed_height
com.facebook.shimmer.R$styleable: int ShimmerFrameLayout_shimmer_fixed_width
com.facebook.shimmer.R$styleable: int ShimmerFrameLayout_shimmer_height_ratio
com.facebook.shimmer.R$styleable: int ShimmerFrameLayout_shimmer_highlight_alpha
com.facebook.shimmer.R$styleable: int ShimmerFrameLayout_shimmer_highlight_color
com.facebook.shimmer.R$styleable: int ShimmerFrameLayout_shimmer_intensity
com.facebook.shimmer.R$styleable: int ShimmerFrameLayout_shimmer_repeat_count
com.facebook.shimmer.R$styleable: int ShimmerFrameLayout_shimmer_repeat_delay
com.facebook.shimmer.R$styleable: int ShimmerFrameLayout_shimmer_repeat_mode
com.facebook.shimmer.R$styleable: int ShimmerFrameLayout_shimmer_shape
com.futuremind.recyclerviewfastscroll.FastScroller: void setViewProvider(com.futuremind.recyclerviewfastscroll.viewprovider.ScrollerViewProvider)
com.futuremind.recyclerviewfastscroll.FastScroller: void setRecyclerView(androidx.recyclerview.widget.RecyclerView)
com.futuremind.recyclerviewfastscroll.FastScroller: void setOrientation(int)
com.futuremind.recyclerviewfastscroll.FastScroller: void setBubbleColor(int)
com.futuremind.recyclerviewfastscroll.FastScroller: void setHandleColor(int)
com.futuremind.recyclerviewfastscroll.FastScroller: void setBubbleTextAppearance(int)
com.futuremind.recyclerviewfastscroll.FastScroller: void setVisibility(int)
com.futuremind.recyclerviewfastscroll.FastScroller: void setRecyclerViewPosition(float)
com.futuremind.recyclerviewfastscroll.FastScroller: void setScrollerPosition(float)
com.futuremind.recyclerviewfastscroll.FastScroller: com.futuremind.recyclerviewfastscroll.viewprovider.ScrollerViewProvider getViewProvider()
com.futuremind.recyclerviewfastscroll.R$anim: int abc_fade_in
com.futuremind.recyclerviewfastscroll.R$anim: int abc_fade_out
com.futuremind.recyclerviewfastscroll.R$anim: int abc_grow_fade_in_from_bottom
com.futuremind.recyclerviewfastscroll.R$anim: int abc_popup_enter
com.futuremind.recyclerviewfastscroll.R$anim: int abc_popup_exit
com.futuremind.recyclerviewfastscroll.R$anim: int abc_shrink_fade_out_from_bottom
com.futuremind.recyclerviewfastscroll.R$anim: int abc_slide_in_bottom
com.futuremind.recyclerviewfastscroll.R$anim: int abc_slide_in_top
com.futuremind.recyclerviewfastscroll.R$anim: int abc_slide_out_bottom
com.futuremind.recyclerviewfastscroll.R$anim: int abc_slide_out_top
com.futuremind.recyclerviewfastscroll.R$animator: int fastscroll__default_hide
com.futuremind.recyclerviewfastscroll.R$animator: int fastscroll__default_show