app/build/outputs/mapping/release/mapping.txt
com.example.admin.data.FastScroll.FastScrollRecyclerView -> com.example.admin.data.FastScroll.FastScrollRecyclerView:
    android.content.Context ctx -> U
    boolean setupThings -> V
    int indWidth -> L
    int indHeight -> M
    float scaledWidth -> N
    float scaledHeight -> O
    java.lang.String[] sections -> P
    float sx -> Q
    float sy -> R
    java.lang.String section -> S
    boolean showLetter -> T
    android.os.Handler listHandler -> W
    void <init>(android.content.Context,android.util.AttributeSet) -> <init>
    void onDraw(android.graphics.Canvas) -> onDraw
    void setupThings() -> z
    boolean onTouchEvent(android.view.MotionEvent) -> onTouchEvent
    void <clinit>() -> <clinit>
com.example.admin.data.FastScroll.FastScrollRecyclerView$1 -> com.example.admin.data.FastScroll.FastScrollRecyclerView$1:
com.example.admin.data.FastScroll.FastScrollRecyclerView$ListHandler -> com.example.admin.data.FastScroll.FastScrollRecyclerView$a:
    com.example.admin.data.FastScroll.FastScrollRecyclerView this$0 -> a
    void <init>(com.example.admin.data.FastScroll.FastScrollRecyclerView) -> <init>
    void handleMessage(android.os.Message) -> handleMessage
    void <init>(com.example.admin.data.FastScroll.FastScrollRecyclerView,com.example.admin.data.FastScroll.FastScrollRecyclerView$1) -> <init>
com.example.admin.data.FastScroll.FastScrollRecyclerViewInterface -> com.example.admin.data.FastScroll.a:
    java.util.HashMap getMapIndex() -> b
com.example.admin.data.FastScroll.FastScrollRecyclerViewItemDecoration -> com.example.admin.data.FastScroll.b:
    android.content.Context mContext -> a
    void <init>(android.content.Context) -> <init>
    void onDrawOver(android.graphics.Canvas,androidx.recyclerview.widget.RecyclerView,androidx.recyclerview.widget.RecyclerView$State) -> a
com.example.admin.data.FragmentsExams.EAMCET.Adapter.BottomPagerAdapter -> com.example.admin.data.FragmentsExams.EAMCET.Adapter.a:
    java.util.List fragmentList -> a
    void <init>(androidx.fragment.app.FragmentManager) -> <init>
    androidx.fragment.app.Fragment getItem(int) -> a
    int getCount() -> b
    void addFrag(androidx.fragment.app.Fragment) -> a
com.example.admin.data.FragmentsExams.EAMCET.Adapter.CustomViewPager -> com.example.admin.data.FragmentsExams.EAMCET.Adapter.CustomViewPager:
    void <init>(android.content.Context,android.util.AttributeSet) -> <init>
    boolean onInterceptTouchEvent(android.view.MotionEvent) -> onInterceptTouchEvent
    boolean onTouchEvent(android.view.MotionEvent) -> onTouchEvent
    void setCurrentItem(int) -> setCurrentItem
com.example.admin.data.FragmentsExams.EAMCET.Fragment_Branches -> com.example.admin.data.FragmentsExams.EAMCET.a:
    retrofit2.Call call -> U
    java.util.List bran -> V
    androidx.recyclerview.widget.RecyclerView recyclerView -> W
    android.widget.ProgressBar p -> X
    android.widget.TextView retry -> Y
    androidx.swiperefreshlayout.widget.SwipeRefreshLayout r -> Z
    void <init>() -> <init>
    android.view.View onCreateView(android.view.LayoutInflater,android.view.ViewGroup,android.os.Bundle) -> a
    void start() -> ah
com.example.admin.data.FragmentsExams.EAMCET.Fragment_Branches$1 -> com.example.admin.data.FragmentsExams.EAMCET.a$1:
    com.example.admin.data.FragmentsExams.EAMCET.Fragment_Branches this$0 -> a
    void <init>(com.example.admin.data.FragmentsExams.EAMCET.Fragment_Branches) -> <init>
    void onRefresh() -> a
com.example.admin.data.FragmentsExams.EAMCET.Fragment_Branches$1$1 -> com.example.admin.data.FragmentsExams.EAMCET.a$1$1:
    com.example.admin.data.FragmentsExams.EAMCET.Fragment_Branches$1 this$1 -> a
    void <init>(com.example.admin.data.FragmentsExams.EAMCET.Fragment_Branches$1) -> <init>
    void run() -> run
...
com.google.android.gms.internal.ads.zzdqd -> com.google.android.gms.internal.ads.cnb:
    int zzhkr -> a
    java.util.List zzhks -> b
    java.util.Map zzhkt -> c
    boolean zzheh -> d
    com.google.android.gms.internal.ads.zzdqm zzhku -> e
    java.util.Map zzhkv -> f
    com.google.android.gms.internal.ads.zzdqg zzhkw -> g
    com.google.android.gms.internal.ads.zzdqd zzgy(int) -> a
    void <init>(int) -> <init>
    void zzavj() -> a
    boolean isImmutable() -> b
    int zzazp() -> c
    java.util.Map$Entry zzgz(int) -> b
    java.lang.Iterable zzazq() -> d
    int size() -> size
    boolean containsKey(java.lang.Object) -> containsKey
    java.lang.Object get(java.lang.Object) -> get
    java.lang.Object zza(java.lang.Comparable,java.lang.Object) -> a
    void clear() -> clear
    java.lang.Object remove(java.lang.Object) -> remove
    java.lang.Object zzha(int) -> c
    int zza(java.lang.Comparable) -> a
    java.util.Set entrySet() -> entrySet
    java.util.Set zzazr() -> e
    void zzazs() -> f
    java.util.SortedMap zzazt() -> g
    boolean equals(java.lang.Object) -> equals
    int hashCode() -> hashCode
    java.lang.Object put(java.lang.Object,java.lang.Object) -> put
    void <init>(int,com.google.android.gms.internal.ads.zzdqe) -> <init>
    void zza(com.google.android.gms.internal.ads.zzdqd) -> a
    java.util.List zzb(com.google.android.gms.internal.ads.zzdqd) -> b
    java.util.Map zzc(com.google.android.gms.internal.ads.zzdqd) -> c
com.google.android.gms.internal.ads.zzdqe -> com.google.android.gms.internal.ads.cnc:
    void <init>(int) -> <init>
    void zzavj() -> a
com.google.android.gms.internal.ads.zzdqf -> com.google.android.gms.internal.ads.cnd:
    int pos -> a
    java.util.Iterator zzhkx -> b
    com.google.android.gms.internal.ads.zzdqd zzhky -> c
    void <init>(com.google.android.gms.internal.ads.zzdqd) -> <init>
    boolean hasNext() -> hasNext
    void remove() -> remove
    java.util.Iterator zzazu() -> a
    java.lang.Object next() -> next
    void <init>(com.google.android.gms.internal.ads.zzdqd,com.google.android.gms.internal.ads.zzdqe) -> <init>
com.google.android.gms.internal.ads.zzdqg -> com.google.android.gms.internal.ads.cne:
    com.google.android.gms.internal.ads.zzdqd zzhky -> a
    void <init>(com.google.android.gms.internal.ads.zzdqd) -> <init>
    java.util.Iterator iterator() -> iterator
    void <init>(com.google.android.gms.internal.ads.zzdqd,com.google.android.gms.internal.ads.zzdqe) -> <init>
com.google.android.gms.internal.ads.zzdqh -> com.google.android.gms.internal.ads.cnf:
    java.util.Iterator zzhkz -> a
    java.lang.Iterable zzhla -> b
    java.lang.Iterable zzazv() -> a
    java.util.Iterator zzazw() -> b
    void <clinit>() -> <clinit>
com.google.android.gms.internal.ads.zzdqi -> com.google.android.gms.internal.ads.cng:
    void <init>() -> <init>
    boolean hasNext() -> hasNext
    java.lang.Object next() -> next
    void remove() -> remove
com.google.android.gms.internal.ads.zzdqj -> com.google.android.gms.internal.ads.cnh:
    void <init>() -> <init>
    java.util.Iterator iterator() -> iterator
com.google.android.gms.internal.ads.zzdqk -> com.google.android.gms.internal.ads.cni:
    java.lang.Comparable zzhlb -> a
    java.lang.Object value -> b
    com.google.android.gms.internal.ads.zzdqd zzhky -> c
    void <init>(com.google.android.gms.internal.ads.zzdqd,java.util.Map$Entry) -> <init>
    void <init>(com.google.android.gms.internal.ads.zzdqd,java.lang.Comparable,java.lang.Object) -> <init>
    java.lang.Object getValue() -> getValue
    java.lang.Object setValue(java.lang.Object) -> setValue
    boolean equals(java.lang.Object) -> equals
    int hashCode() -> hashCode
    java.lang.String toString() -> toString
    boolean equals(java.lang.Object,java.lang.Object) -> a
    java.lang.Object getKey() -> getKey
    int compareTo(java.lang.Object) -> compareTo