app/build/outputs/mapping/release/usage.txt
com.example.admin.data.BuildConfig
com.example.admin.data.FastScroll.FastScrollRecyclerView:
    19:35:public FastScrollRecyclerView(android.content.Context)
    19:45:public FastScrollRecyclerView(android.content.Context,android.util.AttributeSet,int)
com.example.admin.data.FragmentsExams.EAMCET.Adapter.CustomViewPager:
    14:15:public CustomViewPager(android.content.Context)
com.example.admin.data.FragmentsExams.EAMCET.Adapter.Statastics_Adapter_Eamcet
com.example.admin.data.FragmentsExams.EAMCET.Adapter.Statastics_Adapter_Eamcet$ViewHolder
com.example.admin.data.FragmentsExams.EAMCET.Fragment_Branches:
    private static final java.lang.String API_KEY
com.example.admin.data.FragmentsExams.EAMCET.Fragment_Checklist:
    private static final java.lang.String API_KEY
    com.example.admin.data.examEamcet.adapter.ReportingCentersAdapter adapter
    androidx.recyclerview.widget.RecyclerView r
    android.app.ActionBar actionBar
com.example.admin.data.FragmentsExams.EAMCET.Fragment_Colleges:
    private static final java.lang.String API_KEY
    public static final java.lang.String MESSAGE_KEY
com.example.admin.data.FragmentsExams.EAMCET.Fragment_Cutoff:
    android.widget.RadioButton male
    android.widget.RadioButton female
    int t2
    static java.lang.StringBuilder stringBuilder
    static java.lang.String q
com.example.admin.data.FragmentsExams.EAMCET.Fragment_Reportingcenters_Eamcet:
    private static final java.lang.String API_KEY
com.example.admin.data.FragmentsExams.EAMCET.Fragment_Statatics:
    private static final java.lang.String API_KEY
    java.util.List bran2
    java.util.List examm
    java.util.List examf
    retrofit2.Call call3
    retrofit2.Call call4
com.example.admin.data.FragmentsExams.EAMCET.Model.Statatics
com.example.admin.data.FragmentsExams.ECET.Fragment_Branches_Ecet:
    private static final java.lang.String API_KEY
com.example.admin.data.FragmentsExams.ECET.Fragment_Checklist_Ecet:
    androidx.recyclerview.widget.RecyclerView r
com.example.admin.data.FragmentsExams.ECET.Fragment_Colleges_Ecet:
    private static final java.lang.String API_KEY
    public static final java.lang.String MESSAGE_KEY
com.example.admin.data.FragmentsExams.ECET.Fragment_Cutoff_Ecet:
    android.widget.RadioButton male
    android.widget.RadioButton female
    int t2
    static java.lang.StringBuilder stringBuilder
    static java.lang.String q
com.example.admin.data.FragmentsExams.ECET.Fragment_Reportingcenters_Ecet:
    private static final java.lang.String API_KEY
com.example.admin.data.FragmentsExams.ECET.Fragment_Statatics_Ecet:
    private static final java.lang.String API_KEY
    java.util.List examm
    java.util.List examf
    retrofit2.Call call3
    retrofit2.Call call4
    retrofit2.Call call2
    java.util.List branches
    java.lang.String[] d
    java.lang.String branchselected
    java.util.List coucillist
    125:199:public void getBranchesIntoSpinner()
com.example.admin.data.FragmentsExams.ECET.Fragment_Statatics_Ecet$2
com.example.admin.data.FragmentsExams.ECET.Fragment_Statatics_Ecet$2$1
com.example.admin.data.FragmentsExams.ECET.Fragment_Statatics_Ecet$2$1$1
com.example.admin.data.FragmentsExams.PGECET.Fragment_Branches_Pgcet:
    private static final java.lang.String API_KEY
com.example.admin.data.FragmentsExams.PGECET.Fragment_Checklist_Pgcet:
    androidx.recyclerview.widget.RecyclerView r
com.example.admin.data.FragmentsExams.PGECET.Fragment_Colleges_Pgcet:
    private static final java.lang.String API_KEY
    public static final java.lang.String MESSAGE_KEY
com.example.admin.data.FragmentsExams.PGECET.Fragment_Cutoff_pgcet:
    android.widget.RadioButton male
    android.widget.RadioButton female
    int t2
    static java.lang.StringBuilder stringBuilder
    static java.lang.String q
com.example.admin.data.FragmentsExams.PGECET.Fragment_Reportingcenters_Pgcet:
    private static final java.lang.String API_KEY
...
androidx.appcompat.widget.LinearLayoutCompat$OrientationMode
androidx.appcompat.widget.ListPopupWindow:
    private static final java.lang.String TAG
    private static final boolean DEBUG
    static final int EXPAND_LIST_TIMEOUT
    public static final int POSITION_PROMPT_ABOVE
    public static final int POSITION_PROMPT_BELOW
    public static final int MATCH_PARENT
    public static final int WRAP_CONTENT
    public static final int INPUT_METHOD_FROM_FOCUSABLE
    public static final int INPUT_METHOD_NEEDED
    public static final int INPUT_METHOD_NOT_NEEDED
    229:230:public ListPopupWindow(android.content.Context,android.util.AttributeSet)
    316:316:public int getPromptPosition()
    351:352:public void setForceIgnoreOutsideTouch(boolean)
    367:368:public void setDropDownAlwaysVisible(boolean)
    377:377:public boolean isDropDownAlwaysVisible()
    391:392:public void setSoftInputMode(int)
    401:401:public int getSoftInputMode()
    410:411:public void setListSelector(android.graphics.drawable.Drawable)
    445:445:public int getAnimationStyle()
    522:522:public android.graphics.Rect getEpicenterBounds()
    572:572:public int getHeight()
    584:590:public void setHeight(int)
    602:603:public void setWindowLayoutType(int)
    624:625:public void setOnItemSelectedListener(android.widget.AdapterView$OnItemSelectedListener)
    634:642:public void setPromptView(android.view.View)
    648:649:public void postShow()
    810:810:public int getInputMethodMode()
    869:878:public boolean performItemClick(int)
androidx.appcompat.widget.ListPopupWindow$1
androidx.appcompat.widget.MenuPopupWindow:
    private static final java.lang.String TAG
androidx.appcompat.widget.MenuPopupWindow$MenuDropDownListView:
    157:158:public void clearSelection()
    129:129:public bridge synthetic int lookForSelectablePosition(int,boolean)
androidx.appcompat.widget.PopupMenu
androidx.appcompat.widget.PopupMenu$1
androidx.appcompat.widget.PopupMenu$2
androidx.appcompat.widget.PopupMenu$3
androidx.appcompat.widget.PopupMenu$OnDismissListener
androidx.appcompat.widget.PopupMenu$OnMenuItemClickListener
androidx.appcompat.widget.RebindReportingHolder
androidx.appcompat.widget.ResourceManagerInternal:
    private static final java.lang.String TAG
    private static final boolean DEBUG
    private static final java.lang.String SKIP_DRAWABLE_TAG
    private static final java.lang.String PLATFORM_VD_CLAZZ
    374:377:private void removeDelegate(java.lang.String,androidx.appcompat.widget.ResourceManagerInternal$InflateDelegate)
    380:385:private static boolean arrayContains(int[],int)
androidx.appcompat.widget.RtlSpacingHelper:
    public static final int UNDEFINED
androidx.appcompat.widget.ScrollingTabContainerView:
    private static final java.lang.String TAG
    protected android.view.ViewPropertyAnimator mVisibilityAnim
    protected final androidx.appcompat.widget.ScrollingTabContainerView$VisibilityAnimListener mVisAnimListener
    private static final int FADE_DURATION
    75:93:public ScrollingTabContainerView(android.content.Context)
    204:210:private androidx.appcompat.widget.LinearLayoutCompat createTabLayout()
    235:257:public void animateToVisibility(int)
    310:322:public void addTab(androidx.appcompat.app.ActionBar$Tab,boolean)
    325:337:public void addTab(androidx.appcompat.app.ActionBar$Tab,int,boolean)
    340:347:public void updateTab(int)
    350:357:public void removeTabAt(int)
    360:367:public void removeAllTabs()
androidx.appcompat.widget.ScrollingTabContainerView$TabView:
    private static final java.lang.String ACCESSIBILITY_CLASS_NAME
androidx.appcompat.widget.ScrollingTabContainerView$VisibilityAnimListener